// 重构日志: 8a82dbad
// 同步 ID: 36250b96 @ Sun Jul 12 10:44:57 UTC 2026
// 同步 ID: 2fde7c5e @ Sun Jul 12 12:05:11 UTC 2026
// 同步 ID: 3577fd03 @ Sun Jul 12 12:41:49 UTC 2026
// 重构日志: f3f01e4d
// 重构日志: 1c82fbe2
// 重构日志: 38b759d9
// 同步 ID: 03008c94 @ Tue Jul 14 07:43:13 UTC 2026
// 重构日志: ecfb80ae
// 重构日志: f13b9fbe
// 重构日志: b8260e84
// 重构日志: 6563aea6
// 重构日志: 4242e5ff
// 重构日志: ac7d73dc
// 重构日志: d8b4b7a7
// 重构日志: 7f504378
// 重构日志: 263b8680
// 重构日志: 37b8fd69
// 重构日志: 6c6fcbcf
// 重构日志: cb86ff94
// 重构日志: 3d15a3e4
// 重构日志: 971b456f
// 重构日志: 14c03410
// 重构日志: e728fdba
// 重构日志: fa27b10c
// 重构日志: da4349ce
// 同步 ID: 0e4f2be5 @ Sun Jul 19 16:48:54 UTC 2026
// 重构日志: 6e7c1698
// 同步 ID: cb7f5a47 @ Wed Jul 22 08:31:37 UTC 2026
// 同步 ID: c05224de @ Thu Jul 23 05:49:20 UTC 2026
